INFO :: root :: 2022-01-16 21:08:00,534 :: Trying to establish the database connection
ERROR :: root :: 2022-01-16 21:08:00,534 :: Connection not Established
INFO :: root :: 2022-01-16 21:08:50,362 :: Trying to establish the database connection
ERROR :: root :: 2022-01-16 21:08:50,362 :: Connection not Established
INFO :: root :: 2022-01-16 21:10:19,534 :: Trying to establish the database connection
ERROR :: root :: 2022-01-16 21:10:19,535 :: Connection not Established
INFO :: root :: 2022-01-16 21:11:51,600 :: Trying to establish the database connection
INFO :: root :: 2022-01-16 21:11:51,777 :: Database Connection is Established
INFO :: root :: 2022-01-16 21:54:41,298 :: Trying to establish the database connection
INFO :: root :: 2022-01-16 21:54:41,371 :: Database Connection is Established
INFO :: root :: 2022-01-16 22:18:18,559 :: Trying to establish the database connection
INFO :: root :: 2022-01-16 22:18:18,586 :: Database Connection is Established
INFO :: root :: 2022-01-17 07:17:55,901 :: Trying to establish the database connection
INFO :: root :: 2022-01-17 07:17:56,654 :: Database Connection is Established
INFO :: root :: 2022-01-17 07:18:40,914 :: Trying to establish the database connection
INFO :: root :: 2022-01-17 07:18:40,947 :: Database Connection is Established
INFO :: root :: 2022-01-17 07:20:34,189 :: Trying to establish the database connection
INFO :: root :: 2022-01-17 07:20:34,230 :: Database Connection is Established
INFO :: root :: 2022-01-17 07:21:28,316 :: Trying to establish the database connection
INFO :: root :: 2022-01-17 07:21:28,343 :: Database Connection is Established
INFO :: root :: 2022-01-17 07:21:28,502 :: Suceefully Get All the Employee services
DEBUG :: root :: 2022-01-17 07:21:28,502 :: Employee Detailes are
INFO :: root :: 2022-01-17 07:23:35,965 :: Trying to establish the database connection
INFO :: root :: 2022-01-17 07:23:35,992 :: Database Connection is Established
ERROR :: root :: 2022-01-17 07:23:36,046 :: Error: 1062 (23000): Duplicate entry '111' for key 'teacher_table.PRIMARY'
INFO :: root :: 2022-01-17 07:23:36,046 :: Trying to establish the database connection
INFO :: root :: 2022-01-17 07:23:36,076 :: Database Connection is Established
INFO :: root :: 2022-01-17 07:23:36,078 :: Retrive data which inserted
DEBUG :: root :: 2022-01-17 07:23:36,078 :: existed data
INFO :: root :: 2022-01-17 07:27:32,524 :: Trying to establish the database connection
INFO :: root :: 2022-01-17 07:27:32,552 :: Database Connection is Established
INFO :: root :: 2022-01-17 07:27:32,669 :: Suceefully Get All the Employee services
DEBUG :: root :: 2022-01-17 07:27:32,669 :: Employee Detailes are
INFO :: root :: 2022-01-17 07:27:59,949 :: Trying to establish the database connection
INFO :: root :: 2022-01-17 07:27:59,978 :: Database Connection is Established
ERROR :: root :: 2022-01-17 07:27:59,979 :: Error: 1062 (23000): Duplicate entry '121' for key 'teacher_table.PRIMARY'
INFO :: root :: 2022-01-17 07:28:00,122 :: Suceefully Get All the Employee services
DEBUG :: root :: 2022-01-17 07:28:00,123 :: Employee Detailes are
INFO :: root :: 2022-01-17 07:28:00,123 :: Trying to establish the database connection
INFO :: root :: 2022-01-17 07:28:00,137 :: Database Connection is Established
INFO :: root :: 2022-01-17 07:28:00,139 :: Retrive data which inserted
DEBUG :: root :: 2022-01-17 07:28:00,139 :: existed data
INFO :: root :: 2022-01-17 07:31:17,520 :: Trying to establish the database connection
INFO :: root :: 2022-01-17 07:31:17,547 :: Database Connection is Established
INFO :: root :: 2022-01-17 07:31:17,689 :: Suceefully Get All the Employee services
DEBUG :: root :: 2022-01-17 07:31:17,689 :: Employee Detailes are
INFO :: root :: 2022-01-17 07:31:37,537 :: Trying to establish the database connection
INFO :: root :: 2022-01-17 07:31:37,566 :: Database Connection is Established
ERROR :: root :: 2022-01-17 07:31:37,602 :: Error: 1062 (23000): Duplicate entry '141' for key 'teacher_table.PRIMARY'
INFO :: root :: 2022-01-17 07:31:37,676 :: Suceefully Get All the Employee services
DEBUG :: root :: 2022-01-17 07:31:37,676 :: Employee Detailes are
INFO :: root :: 2022-01-17 07:31:37,677 :: Trying to establish the database connection
INFO :: root :: 2022-01-17 07:31:37,697 :: Database Connection is Established
INFO :: root :: 2022-01-17 07:31:37,699 :: Retrive data which inserted
DEBUG :: root :: 2022-01-17 07:31:37,700 :: existed data
INFO :: root :: 2022-01-17 07:46:14,691 :: Trying to establish the database connection
INFO :: root :: 2022-01-17 07:46:14,720 :: Database Connection is Established
INFO :: root :: 2022-01-17 07:46:51,027 :: Trying to establish the database connection
INFO :: root :: 2022-01-17 07:46:51,058 :: Database Connection is Established
INFO :: root :: 2022-01-17 07:47:36,625 :: Trying to establish the database connection
INFO :: root :: 2022-01-17 07:47:36,654 :: Database Connection is Established
INFO :: root :: 2022-01-17 07:47:36,655 :: Trying to establish the database connection
INFO :: root :: 2022-01-17 07:47:36,676 :: Database Connection is Established
ERROR :: root :: 2022-01-17 07:47:36,676 :: Error: %d format: a number is required, not str
INFO :: root :: 2022-01-17 07:47:41,598 :: Trying to establish the database connection
INFO :: root :: 2022-01-17 07:47:41,625 :: Database Connection is Established
INFO :: root :: 2022-01-17 07:47:41,626 :: Trying to establish the database connection
INFO :: root :: 2022-01-17 07:47:41,640 :: Database Connection is Established
ERROR :: root :: 2022-01-17 07:47:41,640 :: Error: %d format: a number is required, not str
INFO :: root :: 2022-01-17 07:48:51,718 :: Trying to establish the database connection
INFO :: root :: 2022-01-17 07:48:51,744 :: Database Connection is Established
INFO :: root :: 2022-01-17 07:48:51,745 :: Trying to establish the database connection
INFO :: root :: 2022-01-17 07:48:51,759 :: Database Connection is Established
ERROR :: root :: 2022-01-17 07:48:51,759 :: Error: %d format: a number is required, not str
INFO :: root :: 2022-01-17 07:48:51,759 :: Trying to establish the database connection
INFO :: root :: 2022-01-17 07:48:51,774 :: Database Connection is Established
INFO :: root :: 2022-01-17 07:48:51,776 :: Retrive data which inserted
DEBUG :: root :: 2022-01-17 07:48:51,776 :: existed data
INFO :: root :: 2022-01-17 07:49:14,330 :: Trying to establish the database connection
INFO :: root :: 2022-01-17 07:49:14,359 :: Database Connection is Established
INFO :: root :: 2022-01-17 07:49:14,360 :: Trying to establish the database connection
INFO :: root :: 2022-01-17 07:49:14,374 :: Database Connection is Established
ERROR :: root :: 2022-01-17 07:49:14,375 :: Error: %d format: a number is required, not str
INFO :: root :: 2022-01-17 07:49:14,375 :: Trying to establish the database connection
INFO :: root :: 2022-01-17 07:49:14,390 :: Database Connection is Established
INFO :: root :: 2022-01-17 07:49:14,391 :: Retrive data which inserted
DEBUG :: root :: 2022-01-17 07:49:14,391 :: existed data
INFO :: root :: 2022-01-17 07:50:13,079 :: Trying to establish the database connection
INFO :: root :: 2022-01-17 07:50:13,110 :: Database Connection is Established
INFO :: root :: 2022-01-17 07:50:13,110 :: Trying to establish the database connection
INFO :: root :: 2022-01-17 07:50:13,128 :: Database Connection is Established
ERROR :: root :: 2022-01-17 07:50:13,128 :: Error: %d format: a number is required, not str
INFO :: root :: 2022-01-17 07:50:13,129 :: Trying to establish the database connection
INFO :: root :: 2022-01-17 07:50:13,146 :: Database Connection is Established
INFO :: root :: 2022-01-17 07:50:13,148 :: Retrive data which inserted
DEBUG :: root :: 2022-01-17 07:50:13,148 :: existed data
INFO :: root :: 2022-01-17 07:52:27,306 :: Trying to establish the database connection
INFO :: root :: 2022-01-17 07:52:27,332 :: Database Connection is Established
INFO :: root :: 2022-01-17 07:53:04,114 :: Trying to establish the database connection
INFO :: root :: 2022-01-17 07:53:04,142 :: Database Connection is Established
INFO :: root :: 2022-01-17 07:53:04,245 :: Suceefully Get All the Employee services
DEBUG :: root :: 2022-01-17 07:53:04,245 :: Students Detailes are
INFO :: root :: 2022-01-17 07:53:24,552 :: Trying to establish the database connection
INFO :: root :: 2022-01-17 07:53:24,579 :: Database Connection is Established
ERROR :: root :: 2022-01-17 07:53:24,580 :: Error: 1062 (23000): Duplicate entry '101' for key 'student_table.PRIMARY'
INFO :: root :: 2022-01-17 07:53:24,580 :: Trying to establish the database connection
INFO :: root :: 2022-01-17 07:53:24,594 :: Database Connection is Established
INFO :: root :: 2022-01-17 07:53:24,662 :: Retrive data which inserted
DEBUG :: root :: 2022-01-17 07:53:24,662 :: existed data
INFO :: root :: 2022-01-17 07:54:01,710 :: Trying to establish the database connection
INFO :: root :: 2022-01-17 07:54:01,738 :: Database Connection is Established
ERROR :: root :: 2022-01-17 07:54:01,739 :: Error: 1062 (23000): Duplicate entry '101' for key 'student_table.PRIMARY'
INFO :: root :: 2022-01-17 07:54:01,740 :: Trying to establish the database connection
INFO :: root :: 2022-01-17 07:54:01,755 :: Database Connection is Established
INFO :: root :: 2022-01-17 07:54:01,756 :: Retrive data which inserted
DEBUG :: root :: 2022-01-17 07:54:01,757 :: existed data
INFO :: root :: 2022-01-17 08:07:39,608 :: Trying to establish the database connection
INFO :: root :: 2022-01-17 08:07:39,638 :: Database Connection is Established
INFO :: root :: 2022-01-17 08:07:39,734 :: Suceefully Get All the Employee services
DEBUG :: root :: 2022-01-17 08:07:39,734 :: Students Detailes are
INFO :: root :: 2022-01-17 08:07:39,856 :: Suceefully Get All the Employee services
DEBUG :: root :: 2022-01-17 08:07:39,857 :: Students Detailes are
INFO :: root :: 2022-01-17 08:07:40,000 :: Suceefully Get All the Employee services
DEBUG :: root :: 2022-01-17 08:07:40,000 :: Students Detailes are
INFO :: root :: 2022-01-17 08:07:40,117 :: Suceefully Get All the Employee services
DEBUG :: root :: 2022-01-17 08:07:40,118 :: Students Detailes are
INFO :: root :: 2022-01-17 08:07:40,118 :: Trying to establish the database connection
INFO :: root :: 2022-01-17 08:07:40,142 :: Database Connection is Established
INFO :: root :: 2022-01-17 08:07:40,143 :: Retrive data which inserted
DEBUG :: root :: 2022-01-17 08:07:40,144 :: existed data
INFO :: root :: 2022-01-17 08:11:10,011 :: Trying to establish the database connection
INFO :: root :: 2022-01-17 08:11:10,049 :: Database Connection is Established
INFO :: root :: 2022-01-17 08:11:10,050 :: Trying to establish the database connection
INFO :: root :: 2022-01-17 08:11:10,074 :: Database Connection is Established
ERROR :: root :: 2022-01-17 08:11:10,122 :: Error: 1064 (42000): You have an error in your SQL syntax; check the manual that corresponds to your MySQL server version for the right syntax to use near 'Last_Name= 'Math', Gender='Male', Cource='Civil_Engg', where Student_Id=101' at line 1
INFO :: root :: 2022-01-17 08:11:35,473 :: Trying to establish the database connection
INFO :: root :: 2022-01-17 08:11:35,512 :: Database Connection is Established
INFO :: root :: 2022-01-17 08:11:35,513 :: Trying to establish the database connection
INFO :: root :: 2022-01-17 08:11:35,534 :: Database Connection is Established
ERROR :: root :: 2022-01-17 08:11:35,535 :: Error: 1064 (42000): You have an error in your SQL syntax; check the manual that corresponds to your MySQL server version for the right syntax to use near 'Last_Name= 'Math', Gender='Male', Cource='Civil_Engg', where Student_Id=101' at line 1
INFO :: root :: 2022-01-17 08:11:35,535 :: Trying to establish the database connection
INFO :: root :: 2022-01-17 08:11:35,555 :: Database Connection is Established
INFO :: root :: 2022-01-17 08:11:35,557 :: Retrive data which inserted
DEBUG :: root :: 2022-01-17 08:11:35,558 :: existed data
INFO :: root :: 2022-01-17 08:14:16,165 :: Trying to establish the database connection
INFO :: root :: 2022-01-17 08:14:16,193 :: Database Connection is Established
INFO :: root :: 2022-01-17 08:14:16,194 :: Trying to establish the database connection
INFO :: root :: 2022-01-17 08:14:16,209 :: Database Connection is Established
INFO :: root :: 2022-01-17 08:30:02,591 :: Trying to establish the database connection
INFO :: root :: 2022-01-17 08:30:02,640 :: Database Connection is Established
ERROR :: root :: 2022-01-17 08:30:02,730 :: Error: 1146 (42S02): Table 'payroll_servicesdetailes.payroll_service' doesn't exist
INFO :: root :: 2022-01-17 08:30:20,729 :: Trying to establish the database connection
INFO :: root :: 2022-01-17 08:30:20,757 :: Database Connection is Established
ERROR :: root :: 2022-01-17 08:30:20,759 :: Error: 1146 (42S02): Table 'payroll_servicesdetailes.payroll_service' doesn't exist
INFO :: root :: 2022-01-17 08:32:16,443 :: Trying to establish the database connection
INFO :: root :: 2022-01-17 08:32:16,484 :: Database Connection is Established
ERROR :: root :: 2022-01-17 08:32:16,485 :: Error: 1054 (42S22): Unknown column 'id' in 'where clause'
INFO :: root :: 2022-01-17 08:44:26,686 :: Trying to establish the database connection
INFO :: root :: 2022-01-17 08:44:26,719 :: Database Connection is Established
ERROR :: root :: 2022-01-17 08:44:26,721 :: Error: 1054 (42S22): Unknown column 'id' in 'where clause'
INFO :: root :: 2022-01-17 08:46:00,181 :: Trying to establish the database connection
INFO :: root :: 2022-01-17 08:46:00,213 :: Database Connection is Established
ERROR :: root :: 2022-01-17 08:46:00,214 :: Error: 1054 (42S22): Unknown column 'id' in 'where clause'
INFO :: root :: 2022-01-17 08:46:56,758 :: Trying to establish the database connection
INFO :: root :: 2022-01-17 08:46:56,789 :: Database Connection is Established
INFO :: root :: 2022-01-17 08:46:56,874 :: Delete data which inserted
DEBUG :: root :: 2022-01-17 08:46:56,874 :: Update data
INFO :: root :: 2022-01-17 08:50:24,236 :: Trying to establish the database connection
INFO :: root :: 2022-01-17 08:50:24,277 :: Database Connection is Established
INFO :: root :: 2022-01-17 08:50:24,353 :: Delete data which inserted
DEBUG :: root :: 2022-01-17 08:50:24,354 :: Update data
INFO :: root :: 2022-01-17 08:50:24,900 :: Trying to establish the database connection
INFO :: root :: 2022-01-17 08:50:24,936 :: Database Connection is Established
INFO :: root :: 2022-01-17 08:50:24,938 :: Delete data which inserted
DEBUG :: root :: 2022-01-17 08:50:24,938 :: Update data
INFO :: root :: 2022-01-17 09:03:25,226 :: Trying to establish the database connection
INFO :: root :: 2022-01-17 09:03:25,260 :: Database Connection is Established
ERROR :: root :: 2022-01-17 09:03:25,261 :: Error: %d format: a number is required, not str
INFO :: root :: 2022-01-17 09:05:22,095 :: Trying to establish the database connection
INFO :: root :: 2022-01-17 09:05:22,127 :: Database Connection is Established
ERROR :: root :: 2022-01-17 09:05:22,127 :: Error: %d format: a number is required, not str
INFO :: root :: 2022-01-17 09:06:10,138 :: Trying to establish the database connection
INFO :: root :: 2022-01-17 09:06:10,167 :: Database Connection is Established
ERROR :: root :: 2022-01-17 09:06:10,167 :: Error: %d format: a number is required, not str
INFO :: root :: 2022-01-17 09:39:32,692 :: Trying to establish the database connection
INFO :: root :: 2022-01-17 09:39:32,730 :: Database Connection is Established
INFO :: root :: 2022-01-17 09:39:32,854 :: Suceefully Get All the Employee services
DEBUG :: root :: 2022-01-17 09:39:32,855 :: Employee Detailes are
INFO :: root :: 2022-01-17 09:40:51,694 :: Trying to establish the database connection
INFO :: root :: 2022-01-17 09:40:51,726 :: Database Connection is Established
ERROR :: root :: 2022-01-17 09:40:51,726 :: Error: %d format: a number is required, not str
INFO :: root :: 2022-01-17 09:42:39,765 :: Trying to establish the database connection
INFO :: root :: 2022-01-17 09:42:39,795 :: Database Connection is Established
ERROR :: root :: 2022-01-17 09:42:39,796 :: Error: %d format: a number is required, not str
INFO :: root :: 2022-01-17 12:26:45,579 :: Trying to establish the database connection
INFO :: root :: 2022-01-17 12:26:45,651 :: Database Connection is Established
INFO :: root :: 2022-01-17 12:26:45,823 :: Suceefully Get All the Employee services
DEBUG :: root :: 2022-01-17 12:26:45,824 :: Students Detailes are
INFO :: root :: 2022-01-17 12:26:45,826 :: Retrive data which inserted
DEBUG :: root :: 2022-01-17 12:26:45,827 :: existed data
INFO :: root :: 2022-01-17 12:27:45,308 :: Trying to establish the database connection
INFO :: root :: 2022-01-17 12:27:45,337 :: Database Connection is Established
ERROR :: root :: 2022-01-17 12:27:45,338 :: Error: %d format: a number is required, not str
INFO :: root :: 2022-01-17 12:27:45,339 :: Retrive data which inserted
DEBUG :: root :: 2022-01-17 12:27:45,339 :: existed data
INFO :: root :: 2022-01-17 12:28:09,077 :: Trying to establish the database connection
INFO :: root :: 2022-01-17 12:28:09,104 :: Database Connection is Established
INFO :: root :: 2022-01-17 12:28:09,106 :: Retrive data which inserted
DEBUG :: root :: 2022-01-17 12:28:09,106 :: existed data
ERROR :: root :: 2022-01-17 12:28:09,107 :: Error: 1054 (42S22): Unknown column 'teacher_Id' in 'where clause'
INFO :: root :: 2022-01-17 12:28:22,828 :: Trying to establish the database connection
INFO :: root :: 2022-01-17 12:28:22,856 :: Database Connection is Established
INFO :: root :: 2022-01-17 12:28:22,858 :: Retrive data which inserted
DEBUG :: root :: 2022-01-17 12:28:22,858 :: existed data
ERROR :: root :: 2022-01-17 12:28:22,858 :: Error: 1054 (42S22): Unknown column 'teacher_Id' in 'where clause'
INFO :: root :: 2022-01-17 12:28:46,905 :: Trying to establish the database connection
INFO :: root :: 2022-01-17 12:28:46,936 :: Database Connection is Established
INFO :: root :: 2022-01-17 12:28:46,938 :: Retrive data which inserted
DEBUG :: root :: 2022-01-17 12:28:46,938 :: existed data
ERROR :: root :: 2022-01-17 12:28:46,939 :: Error: 1054 (42S22): Unknown column 'teacher_Id' in 'where clause'
INFO :: root :: 2022-01-17 12:29:02,052 :: Trying to establish the database connection
INFO :: root :: 2022-01-17 12:29:02,087 :: Database Connection is Established
INFO :: root :: 2022-01-17 12:29:02,088 :: Retrive data which inserted
DEBUG :: root :: 2022-01-17 12:29:02,088 :: existed data
ERROR :: root :: 2022-01-17 12:29:02,089 :: Error: 1054 (42S22): Unknown column 'teacher_Id' in 'where clause'
INFO :: root :: 2022-01-17 12:29:28,373 :: Trying to establish the database connection
INFO :: root :: 2022-01-17 12:29:28,400 :: Database Connection is Established
INFO :: root :: 2022-01-17 12:29:28,401 :: Retrive data which inserted
DEBUG :: root :: 2022-01-17 12:29:28,401 :: existed data
ERROR :: root :: 2022-01-17 12:29:28,402 :: Error: 1054 (42S22): Unknown column 'teacher_Id' in 'where clause'
INFO :: root :: 2022-01-17 12:30:56,112 :: Trying to establish the database connection
INFO :: root :: 2022-01-17 12:30:56,139 :: Database Connection is Established
INFO :: root :: 2022-01-17 12:32:52,012 :: Trying to establish the database connection
INFO :: root :: 2022-01-17 12:32:52,047 :: Database Connection is Established
INFO :: root :: 2022-01-17 12:32:52,163 :: Suceefully Get All the Employee services
DEBUG :: root :: 2022-01-17 12:32:52,164 :: Employee Detailes are
INFO :: root :: 2022-01-17 12:32:52,166 :: Retrive data which inserted
DEBUG :: root :: 2022-01-17 12:32:52,166 :: existed data
INFO :: root :: 2022-01-17 12:33:28,333 :: Trying to establish the database connection
INFO :: root :: 2022-01-17 12:33:28,376 :: Database Connection is Established
ERROR :: root :: 2022-01-17 12:33:28,378 :: Error: 1062 (23000): Duplicate entry '161' for key 'teacher_table.PRIMARY'
INFO :: root :: 2022-01-17 12:33:28,379 :: Retrive data which inserted
DEBUG :: root :: 2022-01-17 12:33:28,380 :: existed data
INFO :: root :: 2022-01-17 12:33:53,347 :: Trying to establish the database connection
INFO :: root :: 2022-01-17 12:33:53,374 :: Database Connection is Established
INFO :: root :: 2022-01-17 12:33:53,376 :: Retrive data which inserted
DEBUG :: root :: 2022-01-17 12:33:53,376 :: existed data
INFO :: root :: 2022-01-17 12:33:53,514 :: Delete data which inserted
DEBUG :: root :: 2022-01-17 12:33:53,514 :: Update data
INFO :: root :: 2022-01-17 12:34:26,765 :: Trying to establish the database connection
INFO :: root :: 2022-01-17 12:34:26,793 :: Database Connection is Established
INFO :: root :: 2022-01-17 12:34:26,794 :: Delete data which inserted
DEBUG :: root :: 2022-01-17 12:34:26,794 :: Update data
INFO :: root :: 2022-01-17 12:35:29,182 :: Trying to establish the database connection
INFO :: root :: 2022-01-17 12:35:29,209 :: Database Connection is Established
INFO :: root :: 2022-01-17 12:35:29,310 :: Delete data which inserted
DEBUG :: root :: 2022-01-17 12:35:29,311 :: Update data
INFO :: root :: 2022-01-17 12:35:53,354 :: Trying to establish the database connection
INFO :: root :: 2022-01-17 12:35:53,383 :: Database Connection is Established
ERROR :: root :: 2022-01-17 12:35:53,384 :: Error: 1054 (42S22): Unknown column 'teacher_Id' in 'where clause'
INFO :: root :: 2022-01-17 12:36:21,630 :: Trying to establish the database connection
INFO :: root :: 2022-01-17 12:36:21,671 :: Database Connection is Established
ERROR :: root :: 2022-01-17 12:36:21,673 :: Error: 1054 (42S22): Unknown column 'teacher_Id' in 'where clause'
INFO :: root :: 2022-01-17 12:37:07,836 :: Trying to establish the database connection
INFO :: root :: 2022-01-17 12:37:07,864 :: Database Connection is Established
ERROR :: root :: 2022-01-17 12:37:07,865 :: Error: 1054 (42S22): Unknown column 'teacher_Id' in 'where clause'
INFO :: root :: 2022-01-17 12:37:20,122 :: Trying to establish the database connection
INFO :: root :: 2022-01-17 12:37:20,150 :: Database Connection is Established
INFO :: root :: 2022-01-17 12:37:20,152 :: Retrive data which inserted
DEBUG :: root :: 2022-01-17 12:37:20,152 :: existed data
ERROR :: root :: 2022-01-17 12:37:20,153 :: Error: 1054 (42S22): Unknown column 'teacher_Id' in 'where clause'
INFO :: root :: 2022-01-17 12:39:04,333 :: Trying to establish the database connection
INFO :: root :: 2022-01-17 12:39:04,360 :: Database Connection is Established
ERROR :: root :: 2022-01-17 12:39:04,361 :: Error: 1054 (42S22): Unknown column 'teacher_Id' in 'where clause'
INFO :: root :: 2022-01-17 12:40:28,704 :: Trying to establish the database connection
INFO :: root :: 2022-01-17 12:40:28,744 :: Database Connection is Established
INFO :: root :: 2022-01-17 12:40:28,880 :: Delete data which inserted
DEBUG :: root :: 2022-01-17 12:40:28,880 :: Update data
INFO :: root :: 2022-01-17 12:41:17,800 :: Trying to establish the database connection
INFO :: root :: 2022-01-17 12:41:17,827 :: Database Connection is Established
INFO :: root :: 2022-01-17 12:41:18,007 :: Delete data which inserted
DEBUG :: root :: 2022-01-17 12:41:18,008 :: Update data
INFO :: root :: 2022-01-17 12:44:03,392 :: Trying to establish the database connection
INFO :: root :: 2022-01-17 12:44:03,430 :: Database Connection is Established
INFO :: root :: 2022-01-17 12:44:03,660 :: Suceefully Get All the student_table
DEBUG :: root :: 2022-01-17 12:44:03,661 :: student Detailes are
INFO :: root :: 2022-01-17 12:45:58,518 :: Trying to establish the database connection
INFO :: root :: 2022-01-17 12:45:58,550 :: Database Connection is Established
INFO :: root :: 2022-01-17 12:45:58,688 :: Suceefully Get All the teacher table
DEBUG :: root :: 2022-01-17 12:45:58,688 :: teacher Detailes are
INFO :: root :: 2022-01-17 15:37:18,980 :: Trying to establish the database connection
INFO :: root :: 2022-01-17 15:37:19,010 :: Database Connection is Established
INFO :: root :: 2022-01-17 15:37:19,154 :: Suceefully Get All the Employee services
DEBUG :: root :: 2022-01-17 15:37:19,154 :: Employee Detailes are
INFO :: root :: 2022-01-17 16:20:53,890 :: Trying to establish the database connection
INFO :: root :: 2022-01-17 16:20:53,920 :: Database Connection is Established
ERROR :: root :: 2022-01-17 16:20:53,921 :: Error: 1064 (42000): You have an error in your SQL syntax; check the manual that corresponds to your MySQL server version for the right syntax to use near '', 'EC', '1002', '1003')' at line 1
INFO :: root :: 2022-01-17 16:21:35,191 :: Trying to establish the database connection
INFO :: root :: 2022-01-17 16:21:35,257 :: Database Connection is Established
ERROR :: root :: 2022-01-17 16:21:35,258 :: Error: 1064 (42000): You have an error in your SQL syntax; check the manual that corresponds to your MySQL server version for the right syntax to use near '', 'EC', '1002', '1003')' at line 1
INFO :: root :: 2022-01-17 16:21:45,576 :: Trying to establish the database connection
INFO :: root :: 2022-01-17 16:21:45,603 :: Database Connection is Established
ERROR :: root :: 2022-01-17 16:21:45,604 :: Error: 1064 (42000): You have an error in your SQL syntax; check the manual that corresponds to your MySQL server version for the right syntax to use near '', 'EC', '1002', '1003')' at line 1
INFO :: root :: 2022-01-17 16:21:45,605 :: Retrive data which inserted
DEBUG :: root :: 2022-01-17 16:21:45,606 :: existed data
INFO :: root :: 2022-01-17 16:22:45,860 :: Trying to establish the database connection
INFO :: root :: 2022-01-17 16:22:45,887 :: Database Connection is Established
ERROR :: root :: 2022-01-17 16:22:45,888 :: Error: 1064 (42000): You have an error in your SQL syntax; check the manual that corresponds to your MySQL server version for the right syntax to use near '', 'EC', '1002', '1003')' at line 1
INFO :: root :: 2022-01-17 16:22:45,890 :: Retrive data which inserted
DEBUG :: root :: 2022-01-17 16:22:45,890 :: existed data
INFO :: root :: 2022-01-17 16:23:48,417 :: Trying to establish the database connection
INFO :: root :: 2022-01-17 16:23:48,445 :: Database Connection is Established
ERROR :: root :: 2022-01-17 16:23:48,446 :: Error: 1064 (42000): You have an error in your SQL syntax; check the manual that corresponds to your MySQL server version for the right syntax to use near '', 'EC', '1002', '1003')' at line 1
INFO :: root :: 2022-01-17 16:23:48,447 :: Retrive data which inserted
DEBUG :: root :: 2022-01-17 16:23:48,448 :: existed data
INFO :: root :: 2022-01-17 16:24:43,748 :: Trying to establish the database connection
INFO :: root :: 2022-01-17 16:24:43,775 :: Database Connection is Established
ERROR :: root :: 2022-01-17 16:24:43,776 :: Error: 1064 (42000): You have an error in your SQL syntax; check the manual that corresponds to your MySQL server version for the right syntax to use near '', 'EC', '1002', '1003')' at line 1
INFO :: root :: 2022-01-17 16:24:43,778 :: Retrive data which inserted
DEBUG :: root :: 2022-01-17 16:24:43,778 :: existed data
INFO :: root :: 2022-01-17 16:25:44,455 :: Trying to establish the database connection
INFO :: root :: 2022-01-17 16:25:44,515 :: Database Connection is Established
ERROR :: root :: 2022-01-17 16:25:44,516 :: Error: 1064 (42000): You have an error in your SQL syntax; check the manual that corresponds to your MySQL server version for the right syntax to use near '', 'EC', '102', '103')' at line 1
INFO :: root :: 2022-01-17 16:25:44,519 :: Retrive data which inserted
DEBUG :: root :: 2022-01-17 16:25:44,519 :: existed data
INFO :: root :: 2022-01-17 16:32:04,755 :: Trying to establish the database connection
INFO :: root :: 2022-01-17 16:32:04,782 :: Database Connection is Established
ERROR :: root :: 2022-01-17 16:32:04,783 :: Error: 1064 (42000): You have an error in your SQL syntax; check the manual that corresponds to your MySQL server version for the right syntax to use near '', 'electronics', '11112', '11113')' at line 1
INFO :: root :: 2022-01-17 16:32:04,785 :: Retrive data which inserted
DEBUG :: root :: 2022-01-17 16:32:04,785 :: existed data
INFO :: root :: 2022-01-17 16:32:07,825 :: Trying to establish the database connection
INFO :: root :: 2022-01-17 16:32:07,868 :: Database Connection is Established
ERROR :: root :: 2022-01-17 16:32:07,869 :: Error: 1064 (42000): You have an error in your SQL syntax; check the manual that corresponds to your MySQL server version for the right syntax to use near '', 'electronics', '11112', '11113')' at line 1
INFO :: root :: 2022-01-17 16:32:07,871 :: Retrive data which inserted
DEBUG :: root :: 2022-01-17 16:32:07,871 :: existed data
INFO :: root :: 2022-01-17 16:33:41,587 :: Trying to establish the database connection
INFO :: root :: 2022-01-17 16:33:41,616 :: Database Connection is Established
ERROR :: root :: 2022-01-17 16:33:41,618 :: Error: 1064 (42000): You have an error in your SQL syntax; check the manual that corresponds to your MySQL server version for the right syntax to use near '', 'electronics', '11112', '11113')' at line 1
INFO :: root :: 2022-01-17 16:33:41,620 :: Retrive data which inserted
DEBUG :: root :: 2022-01-17 16:33:41,621 :: existed data
INFO :: root :: 2022-01-17 16:35:56,064 :: Trying to establish the database connection
INFO :: root :: 2022-01-17 16:35:56,124 :: Database Connection is Established
ERROR :: root :: 2022-01-17 16:35:56,126 :: Error: 1064 (42000): You have an error in your SQL syntax; check the manual that corresponds to your MySQL server version for the right syntax to use near '', 'electronics', '11112', '11113')' at line 1
INFO :: root :: 2022-01-17 16:35:56,128 :: Retrive data which inserted
DEBUG :: root :: 2022-01-17 16:35:56,128 :: existed data
INFO :: root :: 2022-01-17 17:34:03,686 :: Trying to establish the database connection
INFO :: root :: 2022-01-17 17:34:03,725 :: Database Connection is Established
ERROR :: root :: 2022-01-17 17:34:03,849 :: Error: 1452 (23000): Cannot add or update a child row: a foreign key constraint fails (`payroll_servicesdetailes`.`teacher_student_mapping`, CONSTRAINT `teacher_student_mapping_ibfk_1` FOREIGN KEY (`teacher_Id`) REFERENCES `teacher_table` (`teacher_Id`) ON DELETE CASCADE)
INFO :: root :: 2022-01-17 17:45:07,034 :: Trying to establish the database connection
INFO :: root :: 2022-01-17 17:45:07,088 :: Database Connection is Established
ERROR :: root :: 2022-01-17 17:45:07,092 :: Error: 1452 (23000): Cannot add or update a child row: a foreign key constraint fails (`payroll_servicesdetailes`.`teacher_student_mapping`, CONSTRAINT `teacher_student_mapping_ibfk_1` FOREIGN KEY (`teacher_Id`) REFERENCES `teacher_table` (`teacher_Id`) ON DELETE CASCADE)
INFO :: root :: 2022-01-17 17:49:26,293 :: Trying to establish the database connection
INFO :: root :: 2022-01-17 17:49:26,340 :: Database Connection is Established
ERROR :: root :: 2022-01-17 17:49:26,344 :: Error: 1062 (23000): Duplicate entry '181' for key 'teacher_table.PRIMARY'
INFO :: root :: 2022-01-17 18:00:08,520 :: Trying to establish the database connection
INFO :: root :: 2022-01-17 18:00:08,549 :: Database Connection is Established
ERROR :: root :: 2022-01-17 18:00:08,550 :: Error: 1064 (42000): You have an error in your SQL syntax; check the manual that corresponds to your MySQL server version for the right syntax to use near '', 'electronics', '11112', '11113')' at line 1
INFO :: root :: 2022-01-17 18:02:38,117 :: Trying to establish the database connection
INFO :: root :: 2022-01-17 18:02:38,192 :: Database Connection is Established
ERROR :: root :: 2022-01-17 18:02:38,195 :: Error: 1452 (23000): Cannot add or update a child row: a foreign key constraint fails (`payroll_servicesdetailes`.`teacher_student_mapping`, CONSTRAINT `teacher_student_mapping_ibfk_1` FOREIGN KEY (`teacher_Id`) REFERENCES `teacher_table` (`teacher_Id`) ON DELETE CASCADE)
INFO :: root :: 2022-01-17 18:08:32,958 :: Trying to establish the database connection
INFO :: root :: 2022-01-17 18:08:32,994 :: Database Connection is Established
INFO :: root :: 2022-01-17 18:08:33,039 :: Retrive data which inserted
DEBUG :: root :: 2022-01-17 18:08:33,039 :: existed data
INFO :: root :: 2022-01-17 18:09:01,651 :: Trying to establish the database connection
INFO :: root :: 2022-01-17 18:09:01,682 :: Database Connection is Established
INFO :: root :: 2022-01-17 18:09:01,767 :: Suceefully Get All the Employee services
DEBUG :: root :: 2022-01-17 18:09:01,767 :: Students Detailes are
INFO :: root :: 2022-01-17 18:09:01,773 :: Retrive data which inserted
DEBUG :: root :: 2022-01-17 18:09:01,773 :: existed data
INFO :: root :: 2022-01-17 18:09:53,686 :: Trying to establish the database connection
INFO :: root :: 2022-01-17 18:09:53,716 :: Database Connection is Established
INFO :: root :: 2022-01-17 18:09:53,827 :: Suceefully Get All the student_table
DEBUG :: root :: 2022-01-17 18:09:53,827 :: student Detailes are
INFO :: root :: 2022-01-17 18:09:53,829 :: Retrive data which inserted
DEBUG :: root :: 2022-01-17 18:09:53,829 :: existed data
INFO :: root :: 2022-01-17 18:11:41,435 :: Trying to establish the database connection
INFO :: root :: 2022-01-17 18:11:41,469 :: Database Connection is Established
ERROR :: root :: 2022-01-17 18:11:41,565 :: Error: 1062 (23000): Duplicate entry '181' for key 'teacher_table.PRIMARY'
INFO :: root :: 2022-01-17 18:13:44,870 :: Trying to establish the database connection
INFO :: root :: 2022-01-17 18:13:44,901 :: Database Connection is Established
ERROR :: root :: 2022-01-17 18:13:44,902 :: Error: 1062 (23000): Duplicate entry '1111' for key 'department.PRIMARY'
INFO :: root :: 2022-01-17 18:15:36,744 :: Trying to establish the database connection
INFO :: root :: 2022-01-17 18:15:36,773 :: Database Connection is Established
ERROR :: root :: 2022-01-17 18:15:36,775 :: Error: 1062 (23000): Duplicate entry '1111' for key 'department.PRIMARY'
INFO :: root :: 2022-01-17 18:15:36,776 :: Retrive data which inserted
DEBUG :: root :: 2022-01-17 18:15:36,776 :: existed data
INFO :: root :: 2022-01-17 18:46:50,749 :: Trying to establish the database connection
INFO :: root :: 2022-01-17 18:46:50,777 :: Database Connection is Established
ERROR :: root :: 2022-01-17 18:46:50,847 :: Error: 1452 (23000): Cannot add or update a child row: a foreign key constraint fails (`payroll_servicesdetailes`.`teacher_student_mapping`, CONSTRAINT `teacher_student_mapping_ibfk_1` FOREIGN KEY (`teacher_Id`) REFERENCES `teacher_table` (`teacher_Id`) ON DELETE CASCADE)
INFO :: root :: 2022-01-17 18:48:20,417 :: Trying to establish the database connection
INFO :: root :: 2022-01-17 18:48:20,444 :: Database Connection is Established
ERROR :: root :: 2022-01-17 18:48:20,446 :: Error: 1452 (23000): Cannot add or update a child row: a foreign key constraint fails (`payroll_servicesdetailes`.`teacher_student_mapping`, CONSTRAINT `teacher_student_mapping_ibfk_1` FOREIGN KEY (`teacher_Id`) REFERENCES `teacher_table` (`teacher_Id`) ON DELETE CASCADE)
INFO :: root :: 2022-01-17 18:49:30,325 :: Trying to establish the database connection
INFO :: root :: 2022-01-17 18:49:30,352 :: Database Connection is Established
ERROR :: root :: 2022-01-17 18:49:30,354 :: Error: 1452 (23000): Cannot add or update a child row: a foreign key constraint fails (`payroll_servicesdetailes`.`teacher_student_mapping`, CONSTRAINT `teacher_student_mapping_ibfk_1` FOREIGN KEY (`teacher_Id`) REFERENCES `teacher_table` (`teacher_Id`) ON DELETE CASCADE)
INFO :: root :: 2022-01-17 18:57:59,141 :: Trying to establish the database connection
INFO :: root :: 2022-01-17 18:57:59,171 :: Database Connection is Established
ERROR :: root :: 2022-01-17 18:57:59,173 :: Error: 1452 (23000): Cannot add or update a child row: a foreign key constraint fails (`payroll_servicesdetailes`.`teacher_student_mapping`, CONSTRAINT `teacher_student_mapping_ibfk_1` FOREIGN KEY (`teacher_Id`) REFERENCES `teacher_table` (`teacher_Id`) ON DELETE CASCADE)
INFO :: root :: 2022-01-17 18:59:38,488 :: Trying to establish the database connection
INFO :: root :: 2022-01-17 18:59:38,518 :: Database Connection is Established
INFO :: root :: 2022-01-17 18:59:38,660 :: Suceefully Get All the Employee services
DEBUG :: root :: 2022-01-17 18:59:38,661 :: Students Detailes are
INFO :: root :: 2022-01-17 19:09:34,689 :: Trying to establish the database connection
INFO :: root :: 2022-01-17 19:09:34,739 :: Database Connection is Established
INFO :: root :: 2022-01-17 19:09:34,869 :: Suceefully
DEBUG :: root :: 2022-01-17 19:09:34,869 :: Department Detailes are
INFO :: root :: 2022-01-17 19:10:23,186 :: Trying to establish the database connection
INFO :: root :: 2022-01-17 19:10:23,214 :: Database Connection is Established
INFO :: root :: 2022-01-17 19:10:23,378 :: Suceefully
DEBUG :: root :: 2022-01-17 19:10:23,379 :: Department Detailes are
INFO :: root :: 2022-01-17 19:11:45,333 :: Trying to establish the database connection
INFO :: root :: 2022-01-17 19:11:45,393 :: Database Connection is Established
INFO :: root :: 2022-01-17 19:11:45,596 :: Suceefully Get All the Employee services
DEBUG :: root :: 2022-01-17 19:11:45,596 :: Employee Detailes are
INFO :: root :: 2022-01-17 19:13:13,568 :: Trying to establish the database connection
INFO :: root :: 2022-01-17 19:13:13,596 :: Database Connection is Established
INFO :: root :: 2022-01-17 19:13:13,701 :: Suceefully Get All the Employee services
DEBUG :: root :: 2022-01-17 19:13:13,701 :: Students Detailes are
INFO :: root :: 2022-01-17 19:13:13,823 :: Suceefully Get All the Employee services
DEBUG :: root :: 2022-01-17 19:13:13,824 :: Students Detailes are
INFO :: root :: 2022-01-17 19:13:13,934 :: Suceefully Get All the Employee services
DEBUG :: root :: 2022-01-17 19:13:13,935 :: Students Detailes are
INFO :: root :: 2022-01-17 19:16:31,083 :: Trying to establish the database connection
INFO :: root :: 2022-01-17 19:16:31,114 :: Database Connection is Established
INFO :: root :: 2022-01-17 19:16:31,268 :: Suceefully Get All the Employee services
DEBUG :: root :: 2022-01-17 19:16:31,269 :: Employee Detailes are
INFO :: root :: 2022-01-17 19:16:31,650 :: Suceefully Get All the Employee services
DEBUG :: root :: 2022-01-17 19:16:31,650 :: Employee Detailes are
INFO :: root :: 2022-01-17 19:16:31,799 :: Suceefully Get All the Employee services
DEBUG :: root :: 2022-01-17 19:16:31,799 :: Employee Detailes are
INFO :: root :: 2022-01-17 19:19:07,849 :: Trying to establish the database connection
INFO :: root :: 2022-01-17 19:19:07,897 :: Database Connection is Established
ERROR :: root :: 2022-01-17 19:19:07,900 :: Error: 1452 (23000): Cannot add or update a child row: a foreign key constraint fails (`payroll_servicesdetailes`.`teacher_student_mapping`, CONSTRAINT `teacher_student_mapping_ibfk_1` FOREIGN KEY (`teacher_Id`) REFERENCES `teacher_table` (`teacher_Id`) ON DELETE CASCADE)
ERROR :: root :: 2022-01-17 19:19:07,901 :: Error: 1452 (23000): Cannot add or update a child row: a foreign key constraint fails (`payroll_servicesdetailes`.`teacher_student_mapping`, CONSTRAINT `teacher_student_mapping_ibfk_1` FOREIGN KEY (`teacher_Id`) REFERENCES `teacher_table` (`teacher_Id`) ON DELETE CASCADE)
INFO :: root :: 2022-01-17 19:19:32,244 :: Trying to establish the database connection
INFO :: root :: 2022-01-17 19:19:32,271 :: Database Connection is Established
ERROR :: root :: 2022-01-17 19:19:32,334 :: Error: 1452 (23000): Cannot add or update a child row: a foreign key constraint fails (`payroll_servicesdetailes`.`teacher_student_mapping`, CONSTRAINT `teacher_student_mapping_ibfk_1` FOREIGN KEY (`teacher_Id`) REFERENCES `teacher_table` (`teacher_Id`) ON DELETE CASCADE)
ERROR :: root :: 2022-01-17 19:19:32,336 :: Error: 1452 (23000): Cannot add or update a child row: a foreign key constraint fails (`payroll_servicesdetailes`.`teacher_student_mapping`, CONSTRAINT `teacher_student_mapping_ibfk_1` FOREIGN KEY (`teacher_Id`) REFERENCES `teacher_table` (`teacher_Id`) ON DELETE CASCADE)
INFO :: root :: 2022-01-17 19:20:01,697 :: Trying to establish the database connection
INFO :: root :: 2022-01-17 19:20:01,754 :: Database Connection is Established
ERROR :: root :: 2022-01-17 19:20:01,757 :: Error: 1452 (23000): Cannot add or update a child row: a foreign key constraint fails (`payroll_servicesdetailes`.`teacher_student_mapping`, CONSTRAINT `teacher_student_mapping_ibfk_1` FOREIGN KEY (`teacher_Id`) REFERENCES `teacher_table` (`teacher_Id`) ON DELETE CASCADE)
ERROR :: root :: 2022-01-17 19:20:01,759 :: Error: 1452 (23000): Cannot add or update a child row: a foreign key constraint fails (`payroll_servicesdetailes`.`teacher_student_mapping`, CONSTRAINT `teacher_student_mapping_ibfk_1` FOREIGN KEY (`teacher_Id`) REFERENCES `teacher_table` (`teacher_Id`) ON DELETE CASCADE)
INFO :: root :: 2022-01-17 20:29:15,169 :: Trying to establish the database connection
INFO :: root :: 2022-01-17 20:29:15,205 :: Database Connection is Established
ERROR :: root :: 2022-01-17 20:29:15,207 :: Error: 1062 (23000): Duplicate entry '33333' for key 'department.PRIMARY'
INFO :: root :: 2022-01-17 21:29:16,126 :: Trying to establish the database connection
INFO :: root :: 2022-01-17 21:29:16,162 :: Database Connection is Established
ERROR :: root :: 2022-01-17 21:29:16,239 :: Error: 1452 (23000): Cannot add or update a child row: a foreign key constraint fails (`payroll_servicesdetailes`.`department`, CONSTRAINT `department_ibfk_1` FOREIGN KEY (`teacher_Id`) REFERENCES `teacher_table` (`teacher_Id`))
INFO :: root :: 2022-01-17 21:29:25,410 :: Trying to establish the database connection
INFO :: root :: 2022-01-17 21:29:25,445 :: Database Connection is Established
ERROR :: root :: 2022-01-17 21:29:25,519 :: Error: 1452 (23000): Cannot add or update a child row: a foreign key constraint fails (`payroll_servicesdetailes`.`department`, CONSTRAINT `department_ibfk_1` FOREIGN KEY (`teacher_Id`) REFERENCES `teacher_table` (`teacher_Id`))
INFO :: root :: 2022-01-17 21:29:25,546 :: Retrive data which inserted
DEBUG :: root :: 2022-01-17 21:29:25,546 :: existed data
INFO :: root :: 2022-01-17 21:36:02,814 :: Trying to establish the database connection
INFO :: root :: 2022-01-17 21:36:02,842 :: Database Connection is Established
INFO :: root :: 2022-01-17 21:36:02,970 :: Suceefully
DEBUG :: root :: 2022-01-17 21:36:02,970 :: Department Detailes are
INFO :: root :: 2022-01-17 21:36:02,973 :: Retrive data which inserted
DEBUG :: root :: 2022-01-17 21:36:02,973 :: existed data
INFO :: root :: 2022-01-17 21:37:45,930 :: Trying to establish the database connection
INFO :: root :: 2022-01-17 21:37:45,962 :: Database Connection is Established
INFO :: root :: 2022-01-17 21:37:46,098 :: Suceefully
DEBUG :: root :: 2022-01-17 21:37:46,099 :: Department Detailes are
INFO :: root :: 2022-01-17 21:37:46,220 :: Suceefully
DEBUG :: root :: 2022-01-17 21:37:46,220 :: Department Detailes are
INFO :: root :: 2022-01-17 21:37:46,221 :: Retrive data which inserted
DEBUG :: root :: 2022-01-17 21:37:46,221 :: existed data
INFO :: root :: 2022-01-18 15:20:32,634 :: Trying to establish the database connection
INFO :: root :: 2022-01-18 15:20:32,868 :: Database Connection is Established
INFO :: root :: 2022-01-18 15:20:33,152 :: Suceefully
DEBUG :: root :: 2022-01-18 15:20:33,152 :: Department Detailes are
INFO :: root :: 2022-01-18 15:20:33,154 :: Retrive data which inserted
DEBUG :: root :: 2022-01-18 15:20:33,154 :: existed data
INFO :: root :: 2022-01-18 15:24:39,431 :: Trying to establish the database connection
INFO :: root :: 2022-01-18 15:24:39,474 :: Database Connection is Established
ERROR :: root :: 2022-01-18 15:24:39,495 :: Error: 1452 (23000): Cannot add or update a child row: a foreign key constraint fails (`payroll_servicesdetailes`.`department`, CONSTRAINT `department_ibfk_1` FOREIGN KEY (`teacher_Id`) REFERENCES `teacher_table` (`teacher_Id`))
INFO :: root :: 2022-01-18 15:24:39,512 :: Retrive data which inserted
DEBUG :: root :: 2022-01-18 15:24:39,512 :: existed data
INFO :: root :: 2022-01-18 15:25:00,619 :: Trying to establish the database connection
INFO :: root :: 2022-01-18 15:25:00,646 :: Database Connection is Established
ERROR :: root :: 2022-01-18 15:25:00,709 :: Error: 1452 (23000): Cannot add or update a child row: a foreign key constraint fails (`payroll_servicesdetailes`.`department`, CONSTRAINT `department_ibfk_1` FOREIGN KEY (`teacher_Id`) REFERENCES `teacher_table` (`teacher_Id`))
INFO :: root :: 2022-01-18 15:25:00,734 :: Retrive data which inserted
DEBUG :: root :: 2022-01-18 15:25:00,734 :: existed data
INFO :: root :: 2022-01-18 15:26:12,515 :: Trying to establish the database connection
INFO :: root :: 2022-01-18 15:26:12,546 :: Database Connection is Established
INFO :: root :: 2022-01-18 15:26:12,654 :: Suceefully
DEBUG :: root :: 2022-01-18 15:26:12,655 :: Department Detailes are
INFO :: root :: 2022-01-18 15:26:12,657 :: Retrive data which inserted
DEBUG :: root :: 2022-01-18 15:26:12,658 :: existed data
